<?xml version="1.0" encoding="UTF-8"?>
<!-- Generated by org.testng.reporters.JUnitReportReporter -->
<testsuite skipped="0" hostname="MININT-CTSDG93" name="jacksonAPI.postRequest_jsonObject_jacksonAPI_objectMapper" tests="1" failures="0" timestamp="2021-01-07T16:29:56 IST" time="0.026" errors="0">
  <testcase name="javaSet_JsonObjects" time="0.026" classname="jacksonAPI.postRequest_jsonObject_jacksonAPI_objectMapper"/>
  <system-out/>
</testsuite> <!-- jacksonAPI.postRequest_jsonObject_jacksonAPI_objectMapper -->
