<?xml version="1.0" encoding="UTF-8"?>
<!-- Generated by org.testng.reporters.JUnitReportReporter -->
<testsuite skipped="0" hostname="MININT-CTSDG93" name="examples.postRequest_queryRequestSpecificationParameter_BDDStyle" tests="1" failures="0" timestamp="2021-01-07T16:29:56 IST" time="0.003" errors="0">
  <testcase name="testPostRequest" time="0.003" classname="examples.postRequest_queryRequestSpecificationParameter_BDDStyle"/>
  <system-out/>
</testsuite> <!-- examples.postRequest_queryRequestSpecificationParameter_BDDStyle -->
