<?xml version="1.0" encoding="UTF-8"?>
<!-- Generated by org.testng.reporters.JUnitReportReporter -->
<testsuite skipped="0" hostname="MININT-CTSDG93" name="examples.WriteRestAPI_Response_to_external_Files" tests="3" failures="0" timestamp="2021-01-07T16:29:56 IST" time="0.024" errors="0">
  <testcase name="testcase1_writeUsingStringMehod" time="0.022" classname="examples.WriteRestAPI_Response_to_external_Files"/>
  <system-out/>
  <testcase name="tc2_writeUsingAsInputStream" time="0.002" classname="examples.WriteRestAPI_Response_to_external_Files"/>
  <system-out/>
  <testcase name="bestWayToPrintOutputResponseToFile" time="0.000" classname="examples.WriteRestAPI_Response_to_external_Files"/>
  <system-out/>
</testsuite> <!-- examples.WriteRestAPI_Response_to_external_Files -->
