<?xml version="1.0" encoding="UTF-8"?>
<!-- Generated by org.testng.reporters.JUnitReportReporter -->
<testsuite skipped="0" hostname="MININT-CTSDG93" name="examples.beforeClassCommonCode_with_given_same" tests="5" failures="0" timestamp="2021-01-07T16:29:56 IST" time="1.357" errors="0">
  <testcase name="TC4" time="0.003" classname="examples.beforeClassCommonCode_with_given_same"/>
  <system-out/>
  <testcase name="TC5" time="0.009" classname="examples.beforeClassCommonCode_with_given_same"/>
  <system-out/>
  <testcase name="TC1" time="1.309" classname="examples.beforeClassCommonCode_with_given_same"/>
  <system-out/>
  <testcase name="TC2" time="0.026" classname="examples.beforeClassCommonCode_with_given_same"/>
  <system-out/>
  <testcase name="TC3" time="0.010" classname="examples.beforeClassCommonCode_with_given_same"/>
  <system-out/>
</testsuite> <!-- examples.beforeClassCommonCode_with_given_same -->
