<?xml version="1.0" encoding="UTF-8"?>
<!-- Generated by org.testng.reporters.JUnitReportReporter -->
<testsuite skipped="0" hostname="MININT-CTSDG93" name="Pojo.jsonArray_via_Pojo" tests="2" failures="0" timestamp="2021-01-07T16:29:56 IST" time="0.010" errors="0">
  <testcase name="printAJsonArray_viaPojo" time="0.006" classname="Pojo.jsonArray_via_Pojo"/>
  <system-out/>
  <testcase name="jsonArray_viaPojo" time="0.004" classname="Pojo.jsonArray_via_Pojo"/>
  <system-out/>
</testsuite> <!-- Pojo.jsonArray_via_Pojo -->
