<?xml version="1.0" encoding="UTF-8"?>
<!-- Generated by org.testng.reporters.JUnitReportReporter -->
<testsuite skipped="0" hostname="MININT-CTSDG93" name="Pojo.convertClassObj_to_Json_Seralization_Deserialisation" tests="2" failures="0" timestamp="2021-01-07T16:29:56 IST" time="0.133" errors="0">
  <testcase name="readFromJsonObject" time="0.057" classname="Pojo.convertClassObj_to_Json_Seralization_Deserialisation"/>
  <system-out/>
  <testcase name="convertobjToJson" time="0.076" classname="Pojo.convertClassObj_to_Json_Seralization_Deserialisation"/>
  <system-out/>
</testsuite> <!-- Pojo.convertClassObj_to_Json_Seralization_Deserialisation -->
